This file contains any messages produced by compilers while
running configure, to aid debugging if configure makes a mistake.

It was created by libndpi configure 2.3.0, which was
generated by GNU Autoconf 2.69.  Invocation command line was

  $ ./configure --no-create --no-recursion

## --------- ##
## Platform. ##
## --------- ##

hostname = ubuntu
uname -m = x86_64
uname -r = 4.4.0-31-generic
uname -s = Linux
uname -v = #50~14.04.1-Ubuntu SMP Wed Jul 13 01:07:32 UTC 2016

/usr/bin/uname -p = unknown
/bin/uname -X     = unknown

/bin/arch              = unknown
/usr/bin/arch -k       = unknown
/usr/convex/getsysinfo = unknown
/usr/bin/hostinfo      = unknown
/bin/machine           = unknown
/usr/bin/oslevel       = unknown
/bin/universe          = unknown

PATH: /usr/local/sbin
PATH: /usr/local/bin
PATH: /usr/sbin
PATH: /usr/bin
PATH: /sbin
PATH: /bin
PATH: /usr/games
PATH: /usr/local/games


## ----------- ##
## Core tests. ##
## ----------- ##

configure:2267: checking for a BSD-compatible install
configure:2335: result: /usr/bin/install -c
configure:2346: checking whether build environment is sane
configure:2401: result: yes
configure:2552: checking for a thread-safe mkdir -p
configure:2591: result: /bin/mkdir -p
configure:2598: checking for gawk
configure:2628: result: no
configure:2598: checking for mawk
configure:2614: found /usr/bin/mawk
configure:2625: result: mawk
configure:2636: checking whether make sets $(MAKE)
configure:2658: result: yes
configure:2687: checking whether make supports nested variables
configure:2704: result: yes
configure:2859: checking build system type
configure:2873: result: x86_64-unknown-linux-gnu
configure:2893: checking host system type
configure:2906: result: x86_64-unknown-linux-gnu
configure:2947: checking how to print strings
configure:2974: result: printf
configure:3007: checking for style of include used by make
configure:3035: result: GNU
configure:3106: checking for gcc
configure:3122: found /usr/bin/gcc
configure:3133: result: gcc
configure:3362: checking for C compiler version
configure:3371: gcc --version >&5
gcc (Ubuntu 4.8.4-2ubuntu1~14.04.3) 4.8.4
Copyright (C) 2013 Free Software Foundation, Inc.
This is free software; see the source for copying conditions.  There is NO
warranty; not even for MERCHANTABILITY or FITNESS FOR A PARTICULAR PURPOSE.

configure:3382: $? = 0
configure:3371: gcc -v >&5
Using built-in specs.
COLLECT_GCC=gcc
COLLECT_LTO_WRAPPER=/usr/lib/gcc/x86_64-linux-gnu/4.8/lto-wrapper
Target: x86_64-linux-gnu
Configured with: ../src/configure -v --with-pkgversion='Ubuntu 4.8.4-2ubuntu1~14.04.3' --with-bugurl=file:///usr/share/doc/gcc-4.8/README.Bugs --enable-languages=c,c++,java,go,d,fortran,objc,obj-c++ --prefix=/usr --program-suffix=-4.8 --enable-shared --enable-linker-build-id --libexecdir=/usr/lib --without-included-gettext --enable-threads=posix --with-gxx-include-dir=/usr/include/c++/4.8 --libdir=/usr/lib --enable-nls --with-sysroot=/ --enable-clocale=gnu --enable-libstdcxx-debug --enable-libstdcxx-time=yes --enable-gnu-unique-object --disable-libmudflap --enable-plugin --with-system-zlib --disable-browser-plugin --enable-java-awt=gtk --enable-gtk-cairo --with-java-home=/usr/lib/jvm/java-1.5.0-gcj-4.8-amd64/jre --enable-java-home --with-jvm-root-dir=/usr/lib/jvm/java-1.5.0-gcj-4.8-amd64 --with-jvm-jar-dir=/usr/lib/jvm-exports/java-1.5.0-gcj-4.8-amd64 --with-arch-directory=amd64 --with-ecj-jar=/usr/share/java/eclipse-ecj.jar --enable-objc-gc --enable-multiarch --disable-werror --with-arch-32=i686 --with-abi=m64 --with-multilib-list=m32,m64,mx32 --with-tune=generic --enable-checking=release --build=x86_64-linux-gnu --host=x86_64-linux-gnu --target=x86_64-linux-gnu
Thread model: posix
gcc version 4.8.4 (Ubuntu 4.8.4-2ubuntu1~14.04.3) 
configure:3382: $? = 0
configure:3371: gcc -V >&5
gcc: error: unrecognized command line option '-V'
gcc: fatal error: no input files
compilation terminated.
configure:3382: $? = 4
configure:3371: gcc -qversion >&5
gcc: error: unrecognized command line option '-qversion'
gcc: fatal error: no input files
compilation terminated.
configure:3382: $? = 4
configure:3402: checking whether the C compiler works
configure:3424: gcc    conftest.c  >&5
configure:3428: $? = 0
configure:3476: result: yes
configure:3479: checking for C compiler default output file name
configure:3481: result: a.out
configure:3487: checking for suffix of executables
configure:3494: gcc -o conftest    conftest.c  >&5
configure:3498: $? = 0
configure:3520: result: 
configure:3542: checking whether we are cross compiling
configure:3550: gcc -o conftest    conftest.c  >&5
configure:3554: $? = 0
configure:3561: ./conftest
configure:3565: $? = 0
configure:3580: result: no
configure:3585: checking for suffix of object files
configure:3607: gcc -c   conftest.c >&5
configure:3611: $? = 0
configure:3632: result: o
configure:3636: checking whether we are using the GNU C compiler
configure:3655: gcc -c   conftest.c >&5
configure:3655: $? = 0
configure:3664: result: yes
configure:3673: checking whether gcc accepts -g
configure:3693: gcc -c -g  conftest.c >&5
configure:3693: $? = 0
configure:3734: result: yes
configure:3751: checking for gcc option to accept ISO C89
configure:3814: gcc  -c -g -O2  conftest.c >&5
configure:3814: $? = 0
configure:3827: result: none needed
configure:3852: checking whether gcc understands -c and -o together
configure:3874: gcc -c conftest.c -o conftest2.o
configure:3877: $? = 0
configure:3874: gcc -c conftest.c -o conftest2.o
configure:3877: $? = 0
configure:3889: result: yes
configure:3908: checking dependency style of gcc
configure:4019: result: gcc3
configure:4034: checking for a sed that does not truncate output
configure:4098: result: /bin/sed
configure:4116: checking for grep that handles long lines and -e
configure:4174: result: /bin/grep
configure:4179: checking for egrep
configure:4241: result: /bin/grep -E
configure:4246: checking for fgrep
configure:4308: result: /bin/grep -F
configure:4343: checking for ld used by gcc
configure:4410: result: /usr/bin/ld
configure:4417: checking if the linker (/usr/bin/ld) is GNU ld
configure:4432: result: yes
configure:4444: checking for BSD- or MS-compatible name lister (nm)
configure:4493: result: /usr/bin/nm -B
configure:4623: checking the name lister (/usr/bin/nm -B) interface
configure:4630: gcc -c -g -O2  conftest.c >&5
configure:4633: /usr/bin/nm -B "conftest.o"
configure:4636: output
0000000000000000 B some_variable
configure:4643: result: BSD nm
configure:4646: checking whether ln -s works
configure:4650: result: yes
configure:4658: checking the maximum length of command line arguments
configure:4789: result: 3458764513820540925
configure:4806: checking whether the shell understands some XSI constructs
configure:4816: result: yes
configure:4820: checking whether the shell understands "+="
configure:4826: result: yes
configure:4861: checking how to convert x86_64-unknown-linux-gnu file names to x86_64-unknown-linux-gnu format
configure:4901: result: func_convert_file_noop
configure:4908: checking how to convert x86_64-unknown-linux-gnu file names to toolchain format
configure:4928: result: func_convert_file_noop
configure:4935: checking for /usr/bin/ld option to reload object files
configure:4942: result: -r
configure:5016: checking for objdump
configure:5032: found /usr/bin/objdump
configure:5043: result: objdump
configure:5075: checking how to recognize dependent libraries
configure:5273: result: pass_all
configure:5358: checking for dlltool
configure:5388: result: no
configure:5418: checking how to associate runtime and link libraries
configure:5445: result: printf %s\n
configure:5506: checking for ar
configure:5522: found /usr/bin/ar
configure:5533: result: ar
configure:5570: checking for archiver @FILE support
configure:5587: gcc -c -g -O2  conftest.c >&5
configure:5587: $? = 0
configure:5590: ar cru libconftest.a @conftest.lst >&5
configure:5593: $? = 0
configure:5598: ar cru libconftest.a @conftest.lst >&5
ar: conftest.o: No such file or directory
configure:5601: $? = 1
configure:5613: result: @
configure:5671: checking for strip
configure:5687: found /usr/bin/strip
configure:5698: result: strip
configure:5770: checking for ranlib
configure:5786: found /usr/bin/ranlib
configure:5797: result: ranlib
configure:5899: checking command to parse /usr/bin/nm -B output from gcc object
configure:6019: gcc -c -g -O2  conftest.c >&5
configure:6022: $? = 0
configure:6026: /usr/bin/nm -B conftest.o \| sed -n -e 's/^.*[ ]\([ABCDGIRSTW][ABCDGIRSTW]*\)[ ][ ]*\([_A-Za-z][_A-Za-z0-9]*\)$/\1 \2 \2/p' | sed '/ __gnu_lto/d' \> conftest.nm
configure:6029: $? = 0
configure:6095: gcc -o conftest -g -O2   conftest.c conftstm.o >&5
configure:6098: $? = 0
configure:6136: result: ok
configure:6173: checking for sysroot
configure:6203: result: no
configure:6280: gcc -c -g -O2  conftest.c >&5
configure:6283: $? = 0
configure:6472: checking for mt
configure:6488: found /bin/mt
configure:6499: result: mt
configure:6522: checking if mt is a manifest tool
configure:6528: mt '-?'
configure:6536: result: no
configure:7178: checking how to run the C preprocessor
configure:7209: gcc -E  conftest.c
configure:7209: $? = 0
configure:7223: gcc -E  conftest.c
conftest.c:11:28: fatal error: ac_nonexistent.h: No such file or directory
 #include <ac_nonexistent.h>
                            ^
compilation terminated.
configure:7223: $? = 1
configure: failed program was:
| /* confdefs.h */
| #define PACKAGE_NAME "libndpi"
| #define PACKAGE_TARNAME "libndpi"
| #define PACKAGE_VERSION "2.3.0"
| #define PACKAGE_STRING "libndpi 2.3.0"
| #define PACKAGE_BUGREPORT ""
| #define PACKAGE_URL ""
| #define PACKAGE "libndpi"
| #define VERSION "2.3.0"
| /* end confdefs.h.  */
| #include <ac_nonexistent.h>
configure:7248: result: gcc -E
configure:7268: gcc -E  conftest.c
configure:7268: $? = 0
configure:7282: gcc -E  conftest.c
conftest.c:11:28: fatal error: ac_nonexistent.h: No such file or directory
 #include <ac_nonexistent.h>
                            ^
compilation terminated.
configure:7282: $? = 1
configure: failed program was:
| /* confdefs.h */
| #define PACKAGE_NAME "libndpi"
| #define PACKAGE_TARNAME "libndpi"
| #define PACKAGE_VERSION "2.3.0"
| #define PACKAGE_STRING "libndpi 2.3.0"
| #define PACKAGE_BUGREPORT ""
| #define PACKAGE_URL ""
| #define PACKAGE "libndpi"
| #define VERSION "2.3.0"
| /* end confdefs.h.  */
| #include <ac_nonexistent.h>
configure:7311: checking for ANSI C header files
configure:7331: gcc -c -g -O2  conftest.c >&5
configure:7331: $? = 0
configure:7404: gcc -o conftest -g -O2   conftest.c  >&5
configure:7404: $? = 0
configure:7404: ./conftest
configure:7404: $? = 0
configure:7415: result: yes
configure:7428: checking for sys/types.h
configure:7428: gcc -c -g -O2  conftest.c >&5
configure:7428: $? = 0
configure:7428: result: yes
configure:7428: checking for sys/stat.h
configure:7428: gcc -c -g -O2  conftest.c >&5
configure:7428: $? = 0
configure:7428: result: yes
configure:7428: checking for stdlib.h
configure:7428: gcc -c -g -O2  conftest.c >&5
configure:7428: $? = 0
configure:7428: result: yes
configure:7428: checking for string.h
configure:7428: gcc -c -g -O2  conftest.c >&5
configure:7428: $? = 0
configure:7428: result: yes
configure:7428: checking for memory.h
configure:7428: gcc -c -g -O2  conftest.c >&5
configure:7428: $? = 0
configure:7428: result: yes
configure:7428: checking for strings.h
configure:7428: gcc -c -g -O2  conftest.c >&5
configure:7428: $? = 0
configure:7428: result: yes
configure:7428: checking for inttypes.h
configure:7428: gcc -c -g -O2  conftest.c >&5
configure:7428: $? = 0
configure:7428: result: yes
configure:7428: checking for stdint.h
configure:7428: gcc -c -g -O2  conftest.c >&5
configure:7428: $? = 0
configure:7428: result: yes
configure:7428: checking for unistd.h
configure:7428: gcc -c -g -O2  conftest.c >&5
configure:7428: $? = 0
configure:7428: result: yes
configure:7442: checking for dlfcn.h
configure:7442: gcc -c -g -O2  conftest.c >&5
configure:7442: $? = 0
configure:7442: result: yes
configure:7648: checking for objdir
configure:7663: result: .libs
configure:7934: checking if gcc supports -fno-rtti -fno-exceptions
configure:7952: gcc -c -g -O2  -fno-rtti -fno-exceptions conftest.c >&5
cc1: warning: command line option '-fno-rtti' is valid for C++/ObjC++ but not for C [enabled by default]
configure:7956: $? = 0
configure:7969: result: no
configure:8296: checking for gcc option to produce PIC
configure:8303: result: -fPIC -DPIC
configure:8311: checking if gcc PIC flag -fPIC -DPIC works
configure:8329: gcc -c -g -O2  -fPIC -DPIC -DPIC conftest.c >&5
configure:8333: $? = 0
configure:8346: result: yes
configure:8375: checking if gcc static flag -static works
configure:8403: result: yes
configure:8418: checking if gcc supports -c -o file.o
configure:8439: gcc -c -g -O2  -o out/conftest2.o conftest.c >&5
configure:8443: $? = 0
configure:8465: result: yes
configure:8473: checking if gcc supports -c -o file.o
configure:8520: result: yes
configure:8553: checking whether the gcc linker (/usr/bin/ld -m elf_x86_64) supports shared libraries
configure:9710: result: yes
configure:9747: checking whether -lc should be explicitly linked in
configure:9755: gcc -c -g -O2  conftest.c >&5
configure:9758: $? = 0
configure:9773: gcc -shared  -fPIC -DPIC conftest.o  -v -Wl,-soname -Wl,conftest -o conftest 2\>\&1 \| /bin/grep  -lc  \>/dev/null 2\>\&1
configure:9776: $? = 0
configure:9790: result: no
configure:9950: checking dynamic linker characteristics
configure:10450: gcc -o conftest -g -O2   -Wl,-rpath -Wl,/foo conftest.c  >&5
configure:10450: $? = 0
configure:10684: result: GNU/Linux ld.so
configure:10791: checking how to hardcode library paths into programs
configure:10816: result: immediate
configure:11356: checking whether stripping libraries is possible
configure:11361: result: yes
configure:11396: checking if libtool supports shared libraries
configure:11398: result: yes
configure:11401: checking whether to build shared libraries
configure:11422: result: yes
configure:11425: checking whether to build static libraries
configure:11429: result: yes
configure:11515: checking for gcc
configure:11542: result: gcc
configure:11771: checking for C compiler version
configure:11780: gcc --version >&5
gcc (Ubuntu 4.8.4-2ubuntu1~14.04.3) 4.8.4
Copyright (C) 2013 Free Software Foundation, Inc.
This is free software; see the source for copying conditions.  There is NO
warranty; not even for MERCHANTABILITY or FITNESS FOR A PARTICULAR PURPOSE.

configure:11791: $? = 0
configure:11780: gcc -v >&5
Using built-in specs.
COLLECT_GCC=gcc
COLLECT_LTO_WRAPPER=/usr/lib/gcc/x86_64-linux-gnu/4.8/lto-wrapper
Target: x86_64-linux-gnu
Configured with: ../src/configure -v --with-pkgversion='Ubuntu 4.8.4-2ubuntu1~14.04.3' --with-bugurl=file:///usr/share/doc/gcc-4.8/README.Bugs --enable-languages=c,c++,java,go,d,fortran,objc,obj-c++ --prefix=/usr --program-suffix=-4.8 --enable-shared --enable-linker-build-id --libexecdir=/usr/lib --without-included-gettext --enable-threads=posix --with-gxx-include-dir=/usr/include/c++/4.8 --libdir=/usr/lib --enable-nls --with-sysroot=/ --enable-clocale=gnu --enable-libstdcxx-debug --enable-libstdcxx-time=yes --enable-gnu-unique-object --disable-libmudflap --enable-plugin --with-system-zlib --disable-browser-plugin --enable-java-awt=gtk --enable-gtk-cairo --with-java-home=/usr/lib/jvm/java-1.5.0-gcj-4.8-amd64/jre --enable-java-home --with-jvm-root-dir=/usr/lib/jvm/java-1.5.0-gcj-4.8-amd64 --with-jvm-jar-dir=/usr/lib/jvm-exports/java-1.5.0-gcj-4.8-amd64 --with-arch-directory=amd64 --with-ecj-jar=/usr/share/java/eclipse-ecj.jar --enable-objc-gc --enable-multiarch --disable-werror --with-arch-32=i686 --with-abi=m64 --with-multilib-list=m32,m64,mx32 --with-tune=generic --enable-checking=release --build=x86_64-linux-gnu --host=x86_64-linux-gnu --target=x86_64-linux-gnu
Thread model: posix
gcc version 4.8.4 (Ubuntu 4.8.4-2ubuntu1~14.04.3) 
configure:11791: $? = 0
configure:11780: gcc -V >&5
gcc: error: unrecognized command line option '-V'
gcc: fatal error: no input files
compilation terminated.
configure:11791: $? = 4
configure:11780: gcc -qversion >&5
gcc: error: unrecognized command line option '-qversion'
gcc: fatal error: no input files
compilation terminated.
configure:11791: $? = 4
configure:11795: checking whether we are using the GNU C compiler
configure:11823: result: yes
configure:11832: checking whether gcc accepts -g
configure:11893: result: yes
configure:11910: checking for gcc option to accept ISO C89
configure:11986: result: none needed
configure:12011: checking whether gcc understands -c and -o together
configure:12048: result: yes
configure:12067: checking dependency style of gcc
configure:12178: result: gcc3
configure:12377: checking whether gcc is Clang
configure:12402: result: no
configure:12525: checking whether pthreads work with -pthread
configure:12619: gcc -o conftest -g -O2 -pthread   conftest.c   >&5
configure:12619: $? = 0
configure:12628: result: yes
configure:12647: checking for joinable pthread attribute
configure:12665: gcc -o conftest -g -O2 -pthread   conftest.c   >&5
configure:12665: $? = 0
configure:12673: result: PTHREAD_CREATE_JOINABLE
configure:12687: checking whether more special flags are required for pthreads
configure:12700: result: no
configure:12708: checking for PTHREAD_PRIO_INHERIT
configure:12724: gcc -o conftest -g -O2 -pthread   conftest.c   >&5
configure:12724: $? = 0
configure:12733: result: yes
configure:12884: checking netinet/in.h usability
configure:12884: gcc -c -g -O2  conftest.c >&5
configure:12884: $? = 0
configure:12884: result: yes
configure:12884: checking netinet/in.h presence
configure:12884: gcc -E  conftest.c
configure:12884: $? = 0
configure:12884: result: yes
configure:12884: checking for netinet/in.h
configure:12884: result: yes
configure:12884: checking for stdint.h
configure:12884: result: yes
configure:12884: checking for stdlib.h
configure:12884: result: yes
configure:12884: checking for string.h
configure:12884: result: yes
configure:12884: checking for unistd.h
configure:12884: result: yes
configure:12906: checking for numa_available in -lnuma
configure:12931: gcc -o conftest -g -O2   conftest.c -lnuma   >&5
/usr/bin/ld: cannot find -lnuma
collect2: error: ld returned 1 exit status
configure:12931: $? = 1
configure: failed program was:
| /* confdefs.h */
| #define PACKAGE_NAME "libndpi"
| #define PACKAGE_TARNAME "libndpi"
| #define PACKAGE_VERSION "2.3.0"
| #define PACKAGE_STRING "libndpi 2.3.0"
| #define PACKAGE_BUGREPORT ""
| #define PACKAGE_URL ""
| #define PACKAGE "libndpi"
| #define VERSION "2.3.0"
| #define STDC_HEADERS 1
| #define HAVE_SYS_TYPES_H 1
| #define HAVE_SYS_STAT_H 1
| #define HAVE_STDLIB_H 1
| #define HAVE_STRING_H 1
| #define HAVE_MEMORY_H 1
| #define HAVE_STRINGS_H 1
| #define HAVE_INTTYPES_H 1
| #define HAVE_STDINT_H 1
| #define HAVE_UNISTD_H 1
| #define HAVE_DLFCN_H 1
| #define LT_OBJDIR ".libs/"
| #define HAVE_PTHREAD_PRIO_INHERIT 1
| #define HAVE_PTHREAD 1
| #define NDPI_MAJOR_RELEASE "2"
| #define NDPI_MINOR_RELEASE "3"
| #define NDPI_PATCH_LEVEL "0"
| #define NDPI_GIT_RELEASE "2.3.0-2-a87459e"
| #define NDPI_GIT_DATE "Sat Apr 28 16:51:43 2018 +0800"
| #define HAVE_NETINET_IN_H 1
| #define HAVE_STDINT_H 1
| #define HAVE_STDLIB_H 1
| #define HAVE_STRING_H 1
| #define HAVE_UNISTD_H 1
| /* end confdefs.h.  */
| 
| /* Override any GCC internal prototype to avoid an error.
|    Use char because int might match the return type of a GCC
|    builtin and then its argument prototype would still apply.  */
| #ifdef __cplusplus
| extern "C"
| #endif
| char numa_available ();
| int
| main ()
| {
| return numa_available ();
|   ;
|   return 0;
| }
configure:12940: result: no
configure:13178: checking for pcap_open_live in -lpcap
configure:13203: gcc -o conftest -g -O2   conftest.c -lpcap   >&5
configure:13203: $? = 0
configure:13212: result: yes
configure:13241: checking for json_object_new_object in -ljson-c
configure:13266: gcc -o conftest -g -O2 -I/usr/include/json-c     -ljson-c   conftest.c -ljson-c   >&5
configure:13266: $? = 0
configure:13275: result: yes
configure:13314: checking for pthread_setaffinity_np in -lpthread
configure:13339: gcc -o conftest -g -O2 -I/usr/include/json-c     -ljson-c   conftest.c -lpthread   >&5
configure:13339: $? = 0
configure:13348: result: yes
configure:13485: checking that generated files are newer than configure
configure:13491: result: done
configure:13518: creating ./config.status

## ---------------- ##
## Cache variables. ##
## ---------------- ##

ac_cv_build=x86_64-unknown-linux-gnu
ac_cv_c_compiler_gnu=yes
ac_cv_env_CC_set=
ac_cv_env_CC_value=
ac_cv_env_CFLAGS_set=
ac_cv_env_CFLAGS_value=
ac_cv_env_CPPFLAGS_set=
ac_cv_env_CPPFLAGS_value=
ac_cv_env_CPP_set=
ac_cv_env_CPP_value=
ac_cv_env_LDFLAGS_set=
ac_cv_env_LDFLAGS_value=
ac_cv_env_LIBS_set=
ac_cv_env_LIBS_value=
ac_cv_env_build_alias_set=
ac_cv_env_build_alias_value=
ac_cv_env_host_alias_set=
ac_cv_env_host_alias_value=
ac_cv_env_target_alias_set=
ac_cv_env_target_alias_value=
ac_cv_header_dlfcn_h=yes
ac_cv_header_inttypes_h=yes
ac_cv_header_memory_h=yes
ac_cv_header_netinet_in_h=yes
ac_cv_header_stdc=yes
ac_cv_header_stdint_h=yes
ac_cv_header_stdlib_h=yes
ac_cv_header_string_h=yes
ac_cv_header_strings_h=yes
ac_cv_header_sys_stat_h=yes
ac_cv_header_sys_types_h=yes
ac_cv_header_unistd_h=yes
ac_cv_host=x86_64-unknown-linux-gnu
ac_cv_lib_json_c_json_object_new_object=yes
ac_cv_lib_numa_numa_available=no
ac_cv_lib_pcap_pcap_open_live=yes
ac_cv_lib_pthread_pthread_setaffinity_np=yes
ac_cv_objext=o
ac_cv_path_EGREP='/bin/grep -E'
ac_cv_path_FGREP='/bin/grep -F'
ac_cv_path_GREP=/bin/grep
ac_cv_path_SED=/bin/sed
ac_cv_path_install='/usr/bin/install -c'
ac_cv_path_mkdir=/bin/mkdir
ac_cv_prog_AWK=mawk
ac_cv_prog_CPP='gcc -E'
ac_cv_prog_ac_ct_AR=ar
ac_cv_prog_ac_ct_CC=gcc
ac_cv_prog_ac_ct_MANIFEST_TOOL=mt
ac_cv_prog_ac_ct_OBJDUMP=objdump
ac_cv_prog_ac_ct_RANLIB=ranlib
ac_cv_prog_ac_ct_STRIP=strip
ac_cv_prog_cc_c89=
ac_cv_prog_cc_g=yes
ac_cv_prog_make_make_set=yes
am_cv_CC_dependencies_compiler_type=gcc3
am_cv_make_support_nested_variables=yes
am_cv_prog_cc_c_o=yes
ax_cv_PTHREAD_CLANG=no
ax_cv_PTHREAD_JOINABLE_ATTR=PTHREAD_CREATE_JOINABLE
ax_cv_PTHREAD_PRIO_INHERIT=yes
ax_cv_PTHREAD_SPECIAL_FLAGS=no
lt_cv_ar_at_file=@
lt_cv_archive_cmds_need_lc=no
lt_cv_deplibs_check_method=pass_all
lt_cv_file_magic_cmd='$MAGIC_CMD'
lt_cv_file_magic_test_file=
lt_cv_ld_reload_flag=-r
lt_cv_nm_interface='BSD nm'
lt_cv_objdir=.libs
lt_cv_path_LD=/usr/bin/ld
lt_cv_path_NM='/usr/bin/nm -B'
lt_cv_path_mainfest_tool=no
lt_cv_prog_compiler_c_o=yes
lt_cv_prog_compiler_pic='-fPIC -DPIC'
lt_cv_prog_compiler_pic_works=yes
lt_cv_prog_compiler_rtti_exceptions=no
lt_cv_prog_compiler_static_works=yes
lt_cv_prog_gnu_ld=yes
lt_cv_sharedlib_from_linklib_cmd='printf %s\n'
lt_cv_shlibpath_overrides_runpath=no
lt_cv_sys_global_symbol_pipe='sed -n -e '\''s/^.*[	 ]\([ABCDGIRSTW][ABCDGIRSTW]*\)[	 ][	 ]*\([_A-Za-z][_A-Za-z0-9]*\)$/\1 \2 \2/p'\'' | sed '\''/ __gnu_lto/d'\'''
lt_cv_sys_global_symbol_to_c_name_address='sed -n -e '\''s/^: \([^ ]*\)[ ]*$/  {\"\1\", (void *) 0},/p'\'' -e '\''s/^[ABCDGIRSTW]* \([^ ]*\) \([^ ]*\)$/  {"\2", (void *) \&\2},/p'\'''
lt_cv_sys_global_symbol_to_c_name_address_lib_prefix='sed -n -e '\''s/^: \([^ ]*\)[ ]*$/  {\"\1\", (void *) 0},/p'\'' -e '\''s/^[ABCDGIRSTW]* \([^ ]*\) \(lib[^ ]*\)$/  {"\2", (void *) \&\2},/p'\'' -e '\''s/^[ABCDGIRSTW]* \([^ ]*\) \([^ ]*\)$/  {"lib\2", (void *) \&\2},/p'\'''
lt_cv_sys_global_symbol_to_cdecl='sed -n -e '\''s/^T .* \(.*\)$/extern int \1();/p'\'' -e '\''s/^[ABCDGIRSTW]* .* \(.*\)$/extern char \1;/p'\'''
lt_cv_sys_max_cmd_len=3458764513820540925
lt_cv_to_host_file_cmd=func_convert_file_noop
lt_cv_to_tool_file_cmd=func_convert_file_noop

## ----------------- ##
## Output variables. ##
## ----------------- ##

ACLOCAL='${SHELL} /home/root2/Desktop/OfficialDPI/missing aclocal-1.14'
AMDEPBACKSLASH='\'
AMDEP_FALSE='#'
AMDEP_TRUE=''
AMTAR='$${TAR-tar}'
AM_BACKSLASH='\'
AM_DEFAULT_V='$(AM_DEFAULT_VERBOSITY)'
AM_DEFAULT_VERBOSITY='1'
AM_V='$(V)'
AR='ar'
AUTOCONF='${SHELL} /home/root2/Desktop/OfficialDPI/missing autoconf'
AUTOHEADER='${SHELL} /home/root2/Desktop/OfficialDPI/missing autoheader'
AUTOMAKE='${SHELL} /home/root2/Desktop/OfficialDPI/missing automake-1.14'
AWK='mawk'
CC='gcc'
CCDEPMODE='depmode=gcc3'
CFLAGS='-g -O2 -I/usr/include/json-c  '
CPP='gcc -E'
CPPFLAGS=''
CYGPATH_W='echo'
DEFS='-DHAVE_CONFIG_H'
DEPDIR='.deps'
DLLTOOL='false'
DL_LIB=''
DSYMUTIL=''
DUMPBIN=''
ECHO_C=''
ECHO_N='-n'
ECHO_T=''
EGREP='/bin/grep -E'
EXEEXT=''
FGREP='/bin/grep -F'
GIT_RELEASE='2.3.0-2-a87459e'
GREP='/bin/grep'
HAVE_PTHREAD_SETAFFINITY_NP=''
HS_INC=''
HS_LIB=''
INSTALL_DATA='${INSTALL} -m 644'
INSTALL_PROGRAM='${INSTALL}'
INSTALL_SCRIPT='${INSTALL}'
INSTALL_STRIP_PROGRAM='$(install_sh) -c -s'
JSON_C_LIB=''
LD='/usr/bin/ld -m elf_x86_64'
LDFLAGS=' -ljson-c  '
LIBOBJS=''
LIBS=''
LIBTOOL='$(SHELL) $(top_builddir)/libtool'
LIPO=''
LN_S='ln -s'
LTLIBOBJS=''
MAKEINFO='${SHELL} /home/root2/Desktop/OfficialDPI/missing makeinfo'
MANIFEST_TOOL=':'
MKDIR_P='/bin/mkdir -p'
NDPI_MAJOR='2'
NDPI_MINOR='3'
NDPI_PATCH='0'
NM='/usr/bin/nm -B'
NMEDIT=''
OBJDUMP='objdump'
OBJEXT='o'
OTOOL64=''
OTOOL=''
PACKAGE='libndpi'
PACKAGE_BUGREPORT=''
PACKAGE_NAME='libndpi'
PACKAGE_STRING='libndpi 2.3.0'
PACKAGE_TARNAME='libndpi'
PACKAGE_URL=''
PACKAGE_VERSION='2.3.0'
PATH_SEPARATOR=':'
PCAP_INC=''
PCAP_LIB='-lpcap'
PTHREAD_CC='gcc'
PTHREAD_CFLAGS='-pthread'
PTHREAD_LIBS=''
RANLIB='ranlib'
SED='/bin/sed'
SET_MAKE=''
SHELL='/bin/bash'
STRIP='strip'
SVN_DATE=''
VERSION='2.3.0'
ac_ct_AR='ar'
ac_ct_CC='gcc'
ac_ct_DUMPBIN=''
am__EXEEXT_FALSE=''
am__EXEEXT_TRUE='#'
am__fastdepCC_FALSE='#'
am__fastdepCC_TRUE=''
am__include='include'
am__isrc=''
am__leading_dot='.'
am__nodep='_no'
am__quote=''
am__tar='$${TAR-tar} chof - "$$tardir"'
am__untar='$${TAR-tar} xf -'
ax_pthread_config=''
bindir='${exec_prefix}/bin'
build='x86_64-unknown-linux-gnu'
build_alias=''
build_cpu='x86_64'
build_os='linux-gnu'
build_vendor='unknown'
datadir='${datarootdir}'
datarootdir='${prefix}/share'
docdir='${datarootdir}/doc/${PACKAGE_TARNAME}'
dvidir='${docdir}'
exec_prefix='${prefix}'
host='x86_64-unknown-linux-gnu'
host_alias=''
host_cpu='x86_64'
host_os='linux-gnu'
host_vendor='unknown'
htmldir='${docdir}'
includedir='${prefix}/include'
infodir='${datarootdir}/info'
install_sh='${SHELL} /home/root2/Desktop/OfficialDPI/install-sh'
libdir='${exec_prefix}/lib'
libexecdir='${exec_prefix}/libexec'
localedir='${datarootdir}/locale'
localstatedir='${prefix}/var'
mandir='${datarootdir}/man'
mkdir_p='$(MKDIR_P)'
oldincludedir='/usr/include'
pdfdir='${docdir}'
prefix='/usr/local'
program_transform_name='s,x,x,'
psdir='${docdir}'
sbindir='${exec_prefix}/sbin'
sharedstatedir='${prefix}/com'
sysconfdir='${prefix}/etc'
target_alias=''

## ----------- ##
## confdefs.h. ##
## ----------- ##

/* confdefs.h */
#define PACKAGE_NAME "libndpi"
#define PACKAGE_TARNAME "libndpi"
#define PACKAGE_VERSION "2.3.0"
#define PACKAGE_STRING "libndpi 2.3.0"
#define PACKAGE_BUGREPORT ""
#define PACKAGE_URL ""
#define PACKAGE "libndpi"
#define VERSION "2.3.0"
#define STDC_HEADERS 1
#define HAVE_SYS_TYPES_H 1
#define HAVE_SYS_STAT_H 1
#define HAVE_STDLIB_H 1
#define HAVE_STRING_H 1
#define HAVE_MEMORY_H 1
#define HAVE_STRINGS_H 1
#define HAVE_INTTYPES_H 1
#define HAVE_STDINT_H 1
#define HAVE_UNISTD_H 1
#define HAVE_DLFCN_H 1
#define LT_OBJDIR ".libs/"
#define HAVE_PTHREAD_PRIO_INHERIT 1
#define HAVE_PTHREAD 1
#define NDPI_MAJOR_RELEASE "2"
#define NDPI_MINOR_RELEASE "3"
#define NDPI_PATCH_LEVEL "0"
#define NDPI_GIT_RELEASE "2.3.0-2-a87459e"
#define NDPI_GIT_DATE "Sat Apr 28 16:51:43 2018 +0800"
#define HAVE_NETINET_IN_H 1
#define HAVE_STDINT_H 1
#define HAVE_STDLIB_H 1
#define HAVE_STRING_H 1
#define HAVE_UNISTD_H 1
#define HAVE_JSON_C 1
#define HAVE_PTHREAD_SETAFFINITY_NP 1

configure: exit 0

## ---------------------- ##
## Running config.status. ##
## ---------------------- ##

This file was extended by libndpi config.status 2.3.0, which was
generated by GNU Autoconf 2.69.  Invocation command line was

  CONFIG_FILES    = 
  CONFIG_HEADERS  = 
  CONFIG_LINKS    = 
  CONFIG_COMMANDS = 
  $ ./config.status 

on ubuntu

config.status:1115: creating Makefile
config.status:1115: creating src/lib/Makefile
config.status:1115: creating example/Makefile
config.status:1115: creating tests/Makefile
config.status:1115: creating libndpi.pc
config.status:1115: creating src/include/ndpi_define.h
config.status:1115: creating src/include/ndpi_config.h
config.status:1344: executing depfiles commands
config.status:1344: executing libtool commands
